\BOOKMARK [1][-]{section.1}{Einteilung}{}% 1
\BOOKMARK [2][-]{subsection.1.1}{Anwendungsbereich: Klassenmuster}{section.1}% 2
\BOOKMARK [2][-]{subsection.1.2}{Anwendungsbereich: Objektmuster}{section.1}% 3
\BOOKMARK [2][-]{subsection.1.3}{Zweck: Erzeugungsmuster}{section.1}% 4
\BOOKMARK [2][-]{subsection.1.4}{Zweck: Strukturmuster}{section.1}% 5
\BOOKMARK [2][-]{subsection.1.5}{Zweck: Verhaltensmuster}{section.1}% 6
\BOOKMARK [1][-]{section.2}{Software Patterns}{}% 7
\BOOKMARK [2][-]{subsection.2.1}{Verhaltensmuster}{section.2}% 8
\BOOKMARK [3][-]{subsubsection.2.1.1}{Observer}{subsection.2.1}% 9
\BOOKMARK [3][-]{subsubsection.2.1.2}{Command}{subsection.2.1}% 10
\BOOKMARK [3][-]{subsubsection.2.1.3}{Iterator}{subsection.2.1}% 11
\BOOKMARK [3][-]{subsubsection.2.1.4}{Mediator}{subsection.2.1}% 12
\BOOKMARK [3][-]{subsubsection.2.1.5}{Visitor}{subsection.2.1}% 13
\BOOKMARK [3][-]{subsubsection.2.1.6}{Strategie}{subsection.2.1}% 14
\BOOKMARK [3][-]{subsubsection.2.1.7}{State}{subsection.2.1}% 15
\BOOKMARK [2][-]{subsection.2.2}{Erzeugungsmuster}{section.2}% 16
\BOOKMARK [3][-]{subsubsection.2.2.1}{Prototype}{subsection.2.2}% 17
\BOOKMARK [3][-]{subsubsection.2.2.2}{Abstract Factory}{subsection.2.2}% 18
\BOOKMARK [3][-]{subsubsection.2.2.3}{Builder}{subsection.2.2}% 19
\BOOKMARK [3][-]{subsubsection.2.2.4}{Singleton}{subsection.2.2}% 20
\BOOKMARK [3][-]{subsubsection.2.2.5}{Factory Method}{subsection.2.2}% 21
\BOOKMARK [2][-]{subsection.2.3}{Strukturmuster}{section.2}% 22
\BOOKMARK [3][-]{subsubsection.2.3.1}{Bridge}{subsection.2.3}% 23
\BOOKMARK [3][-]{subsubsection.2.3.2}{Adapter}{subsection.2.3}% 24
\BOOKMARK [3][-]{subsubsection.2.3.3}{Proxy}{subsection.2.3}% 25
\BOOKMARK [3][-]{subsubsection.2.3.4}{Composite}{subsection.2.3}% 26
\BOOKMARK [3][-]{subsubsection.2.3.5}{Decorator}{subsection.2.3}% 27
\BOOKMARK [3][-]{subsubsection.2.3.6}{Facade}{subsection.2.3}% 28
